TN:
SF:src\FigureCalculator.js
FN:2,(anonymous_0)
FN:6,(anonymous_1)
FN:21,(anonymous_2)
FN:36,(anonymous_3)
FN:54,(anonymous_4)
FNF:5
FNH:5
FNDA:13,(anonymous_0)
FNDA:7,(anonymous_1)
FNDA:7,(anonymous_2)
FNDA:8,(anonymous_3)
FNDA:7,(anonymous_4)
DA:3,13
DA:7,7
DA:8,3
DA:11,4
DA:13,4
DA:14,3
DA:18,1
DA:22,7
DA:23,3
DA:26,4
DA:28,4
DA:29,3
DA:33,1
DA:37,8
DA:38,4
DA:41,4
DA:43,4
DA:48,3
DA:51,1
DA:55,7
DA:56,3
DA:59,4
DA:61,4
DA:62,3
DA:65,1
DA:69,1
LF:26
LH:26
BRDA:7,0,0,3
BRDA:7,0,1,4
BRDA:13,1,0,3
BRDA:13,1,1,1
BRDA:13,2,0,4
BRDA:13,2,1,1
BRDA:22,3,0,3
BRDA:22,3,1,4
BRDA:28,4,0,3
BRDA:28,4,1,1
BRDA:28,5,0,4
BRDA:28,5,1,1
BRDA:37,6,0,4
BRDA:37,6,1,4
BRDA:43,7,0,3
BRDA:43,7,1,1
BRDA:44,8,0,4
BRDA:44,8,1,1
BRDA:44,8,2,1
BRDA:55,9,0,3
BRDA:55,9,1,4
BRDA:61,10,0,3
BRDA:61,10,1,1
BRDA:61,11,0,4
BRDA:61,11,1,1
BRF:25
BRH:25
end_of_record
TN:
SF:src\MathBasic.js
FN:2,(anonymous_0)
FN:15,(anonymous_1)
FN:28,(anonymous_2)
FN:41,(anonymous_3)
FNF:4
FNH:4
FNDA:13,(anonymous_0)
FNDA:10,(anonymous_1)
FNDA:13,(anonymous_2)
FNDA:11,(anonymous_3)
DA:1,2
DA:3,13
DA:4,4
DA:7,9
DA:9,9
DA:10,3
DA:13,6
DA:16,10
DA:17,4
DA:20,6
DA:22,6
DA:23,3
DA:26,3
DA:29,13
DA:30,4
DA:33,9
DA:35,9
DA:36,3
DA:39,6
DA:42,11
DA:43,4
DA:46,7
DA:48,7
DA:49,3
DA:52,4
DA:56,2
LF:26
LH:26
BRDA:3,0,0,4
BRDA:3,0,1,9
BRDA:9,1,0,3
BRDA:9,1,1,6
BRDA:9,2,0,9
BRDA:9,2,1,6
BRDA:16,3,0,4
BRDA:16,3,1,6
BRDA:22,4,0,3
BRDA:22,4,1,3
BRDA:22,5,0,6
BRDA:22,5,1,3
BRDA:29,6,0,4
BRDA:29,6,1,9
BRDA:35,7,0,3
BRDA:35,7,1,6
BRDA:35,8,0,9
BRDA:35,8,1,6
BRDA:42,9,0,4
BRDA:42,9,1,7
BRDA:48,10,0,3
BRDA:48,10,1,4
BRDA:48,11,0,7
BRDA:48,11,1,4
BRF:24
BRH:24
end_of_record
